<?xml version="1.0" encoding="UTF-8"?>
<testsuite xmlns:xsi="http://www.w3.org/2001/XMLSchema-instance" xsi:noNamespaceSchemaLocation="https://maven.apache.org/surefire/maven-surefire-plugin/xsd/surefire-test-report.xsd" name="org.dhiren.java.testrunners.MenuManagementTest" time="0.101" tests="1" errors="0" skipped="0" failures="1">
  <properties>
    <property name="sun.desktop" value="windows"/>
    <property name="awt.toolkit" value="sun.awt.windows.WToolkit"/>
    <property name="file.encoding.pkg" value="sun.io"/>
    <property name="java.specification.version" value="1.8"/>
    <property name="sun.cpu.isalist" value="pentium_pro+mmx pentium_pro pentium+mmx pentium i486 i386 i86"/>
    <property name="sun.jnu.encoding" value="Cp1252"/>
    <property name="java.class.path" value="C:\GitHub\JavaProjectsWithTesting\java-cucumber-demo\target\test-classes;C:\GitHub\JavaProjectsWithTesting\java-cucumber-demo\target\classes;C:\Users\AG63467\.m2\repository\io\cucumber\cucumber-java\5.6.0\cucumber-java-5.6.0.jar;C:\Users\AG63467\.m2\repository\io\cucumber\cucumber-core\5.6.0\cucumber-core-5.6.0.jar;C:\Users\AG63467\.m2\repository\io\cucumber\cucumber-gherkin\5.6.0\cucumber-gherkin-5.6.0.jar;C:\Users\AG63467\.m2\repository\io\cucumber\cucumber-gherkin-vintage\5.6.0\cucumber-gherkin-vintage-5.6.0.jar;C:\Users\AG63467\.m2\repository\io\cucumber\tag-expressions\2.0.4\tag-expressions-2.0.4.jar;C:\Users\AG63467\.m2\repository\io\cucumber\cucumber-expressions\8.3.1\cucumber-expressions-8.3.1.jar;C:\Users\AG63467\.m2\repository\io\cucumber\datatable\3.3.1\datatable-3.3.1.jar;C:\Users\AG63467\.m2\repository\io\cucumber\cucumber-plugin\5.6.0\cucumber-plugin-5.6.0.jar;C:\Users\AG63467\.m2\repository\io\cucumber\docstring\5.6.0\docstring-5.6.0.jar;C:\Users\AG63467\.m2\repository\org\apiguardian\apiguardian-api\1.1.0\apiguardian-api-1.1.0.jar;C:\Users\AG63467\.m2\repository\io\cucumber\cucumber-junit\5.6.0\cucumber-junit-5.6.0.jar;C:\Users\AG63467\.m2\repository\junit\junit\4.13\junit-4.13.jar;C:\Users\AG63467\.m2\repository\org\hamcrest\hamcrest-core\1.3\hamcrest-core-1.3.jar;"/>
    <property name="java.vm.vendor" value="Oracle Corporation"/>
    <property name="sun.arch.data.model" value="32"/>
    <property name="user.variant" value=""/>
    <property name="java.vendor.url" value="http://java.oracle.com/"/>
    <property name="user.timezone" value="Asia/Calcutta"/>
    <property name="java.vm.specification.version" value="1.8"/>
    <property name="os.name" value="Windows 10"/>
    <property name="user.country" value="US"/>
    <property name="sun.java.launcher" value="SUN_STANDARD"/>
    <property name="sun.boot.library.path" value="C:\Program Files (x86)\Java\jdk1.8.0_241\jre\bin"/>
    <property name="sun.java.command" value="C:\Users\AG63467\AppData\Local\Temp\1\surefire100949324780226268\surefirebooter8641154407391761718.jar C:\Users\AG63467\AppData\Local\Temp\1\surefire100949324780226268 2020-04-27T02-57-21_101-jvmRun1 surefire2705313232085800386tmp surefire_07038938334330470232tmp"/>
    <property name="surefire.test.class.path" value="C:\GitHub\JavaProjectsWithTesting\java-cucumber-demo\target\test-classes;C:\GitHub\JavaProjectsWithTesting\java-cucumber-demo\target\classes;C:\Users\AG63467\.m2\repository\io\cucumber\cucumber-java\5.6.0\cucumber-java-5.6.0.jar;C:\Users\AG63467\.m2\repository\io\cucumber\cucumber-core\5.6.0\cucumber-core-5.6.0.jar;C:\Users\AG63467\.m2\repository\io\cucumber\cucumber-gherkin\5.6.0\cucumber-gherkin-5.6.0.jar;C:\Users\AG63467\.m2\repository\io\cucumber\cucumber-gherkin-vintage\5.6.0\cucumber-gherkin-vintage-5.6.0.jar;C:\Users\AG63467\.m2\repository\io\cucumber\tag-expressions\2.0.4\tag-expressions-2.0.4.jar;C:\Users\AG63467\.m2\repository\io\cucumber\cucumber-expressions\8.3.1\cucumber-expressions-8.3.1.jar;C:\Users\AG63467\.m2\repository\io\cucumber\datatable\3.3.1\datatable-3.3.1.jar;C:\Users\AG63467\.m2\repository\io\cucumber\cucumber-plugin\5.6.0\cucumber-plugin-5.6.0.jar;C:\Users\AG63467\.m2\repository\io\cucumber\docstring\5.6.0\docstring-5.6.0.jar;C:\Users\AG63467\.m2\repository\org\apiguardian\apiguardian-api\1.1.0\apiguardian-api-1.1.0.jar;C:\Users\AG63467\.m2\repository\io\cucumber\cucumber-junit\5.6.0\cucumber-junit-5.6.0.jar;C:\Users\AG63467\.m2\repository\junit\junit\4.13\junit-4.13.jar;C:\Users\AG63467\.m2\repository\org\hamcrest\hamcrest-core\1.3\hamcrest-core-1.3.jar;"/>
    <property name="sun.cpu.endian" value="little"/>
    <property name="user.home" value="C:\Users\AG63467"/>
    <property name="user.language" value="en"/>
    <property name="java.specification.vendor" value="Oracle Corporation"/>
    <property name="java.home" value="C:\Program Files (x86)\Java\jdk1.8.0_241\jre"/>
    <property name="basedir" value="C:\GitHub\JavaProjectsWithTesting\java-cucumber-demo"/>
    <property name="file.separator" value="\"/>
    <property name="line.separator" value="&#10;"/>
    <property name="java.vm.specification.vendor" value="Oracle Corporation"/>
    <property name="java.specification.name" value="Java Platform API Specification"/>
    <property name="java.awt.graphicsenv" value="sun.awt.Win32GraphicsEnvironment"/>
    <property name="surefire.real.class.path" value="C:\Users\AG63467\AppData\Local\Temp\1\surefire100949324780226268\surefirebooter8641154407391761718.jar"/>
    <property name="sun.boot.class.path" value="C:\Program Files (x86)\Java\jdk1.8.0_241\jre\lib\resources.jar;C:\Program Files (x86)\Java\jdk1.8.0_241\jre\lib\rt.jar;C:\Program Files (x86)\Java\jdk1.8.0_241\jre\lib\sunrsasign.jar;C:\Program Files (x86)\Java\jdk1.8.0_241\jre\lib\jsse.jar;C:\Program Files (x86)\Java\jdk1.8.0_241\jre\lib\jce.jar;C:\Program Files (x86)\Java\jdk1.8.0_241\jre\lib\charsets.jar;C:\Program Files (x86)\Java\jdk1.8.0_241\jre\lib\jfr.jar;C:\Program Files (x86)\Java\jdk1.8.0_241\jre\classes"/>
    <property name="user.script" value=""/>
    <property name="sun.management.compiler" value="HotSpot Client Compiler"/>
    <property name="java.runtime.version" value="1.8.0_241-b07"/>
    <property name="user.name" value="ag63467"/>
    <property name="path.separator" value=";"/>
    <property name="os.version" value="10.0"/>
    <property name="java.endorsed.dirs" value="C:\Program Files (x86)\Java\jdk1.8.0_241\jre\lib\endorsed"/>
    <property name="java.runtime.name" value="Java(TM) SE Runtime Environment"/>
    <property name="file.encoding" value="Cp1252"/>
    <property name="java.vm.name" value="Java HotSpot(TM) Client VM"/>
    <property name="localRepository" value="C:\Users\AG63467\.m2\repository"/>
    <property name="cucumber.options" value=" --tags &apos;@BuildTest&apos;"/>
    <property name="java.vendor.url.bug" value="http://bugreport.sun.com/bugreport/"/>
    <property name="java.io.tmpdir" value="C:\Users\AG63467\AppData\Local\Temp\1\"/>
    <property name="java.version" value="1.8.0_241"/>
    <property name="user.dir" value="C:\GitHub\JavaProjectsWithTesting\java-cucumber-demo"/>
    <property name="os.arch" value="x86"/>
    <property name="java.vm.specification.name" value="Java Virtual Machine Specification"/>
    <property name="java.awt.printerjob" value="sun.awt.windows.WPrinterJob"/>
    <property name="sun.os.patch.level" value=""/>
    <property name="java.library.path" value="C:\Program Files (x86)\Java\jdk1.8.0_241\jre\bin;C:\Windows\Sun\Java\bin;C:\Windows\system32;C:\Windows;C:\Program Files (x86)\RSA SecurID Token Common;C:\Program Files\RSA SecurID Token Common;C:\ProgramData\Oracle\Java\javapath;C:\Windows\system32;C:\Windows;C:\Windows\System32\Wbem;C:\Windows\System32\WindowsPowerShell\v1.0\;C:\Windows\System32\OpenSSH\;C:\Windows\CCM;C:\Program Files\Git\cmd;C:\Program Files\Docker\Docker\resources\bin;C:\ProgramData\DockerDesktop\version-bin;C:\Program Files\nodejs\;C:\Users\AG63467\gradle-4.4.1\bin;C:\Program Files (x86)\Microsoft SQL Server\150\DTS\Binn\;c:\Program Files (x86)\sbt\bin;c:\Program Files (x86)\scala\bin;C:\Program Files (x86)\Webex\Plugins;C:\Program Files (x86)\Java\jdk1.8.0_241\bin;C:\Users\AG63467\AppData\Local\Microsoft\WindowsApps;C:\Users\AG63467\AppData\Local\atom\bin;C:\apache-maven-3.6.3\bin;C:\gradle\gradle-6.1.1\bin;C:\Users\AG63467\AppData\Roaming\npm;C:\Users\AG63467\AppData\Local\Programs\Microsoft VS Code\bin;."/>
    <property name="java.vm.info" value="mixed mode"/>
    <property name="java.vendor" value="Oracle Corporation"/>
    <property name="java.vm.version" value="25.241-b07"/>
    <property name="java.ext.dirs" value="C:\Program Files (x86)\Java\jdk1.8.0_241\jre\lib\ext;C:\Windows\Sun\Java\lib\ext"/>
    <property name="sun.io.unicode.encoding" value="UnicodeLittle"/>
    <property name="java.class.version" value="52.0"/>
  </properties>
  <testcase name="Calculate total price and existence" classname="Menu Management" time="0.062">
    <failure message="expected:&lt;1600&gt; but was:&lt;700&gt;" type="java.lang.AssertionError"><![CDATA[java.lang.AssertionError: expected:<1600> but was:<700>
]]></failure>
    <system-out><![CDATA[
@BuildTest
Scenario: Calculate total price and existence                                            &amp#27;[90m# src/test/java/org/dhiren/java/features/MenuItemManagement.feature:38&amp#27;[0m
Constructor
  &amp#27;[32mGiven &amp#27;[0m&amp#27;[32mI have a menu item name "&amp#27;[0m&amp#27;[32m&amp#27;[1mFish Biryani&amp#27;[0m&amp#27;[32m" and price &amp#27;[0m&amp#27;[32m&amp#27;[1m&amp#27;[0m&amp#27;[32m&amp#27;[0m&amp#27;[32m&amp#27;[1m200&amp#27;[0m                             &amp#27;[90m# org.dhiren.java.steps.MenuManagementStepDefinitions.i_have_a_menu_item_name_and_price(java.lang.String,java.lang.String,java.lang.Integer)&amp#27;[0m
  &amp#27;[32mWhen &amp#27;[0m&amp#27;[32mI add that menu item&amp#27;[0m                                                              &amp#27;[90m# org.dhiren.java.steps.MenuManagementStepDefinitions.i_add_that_menu_item()&amp#27;[0m
  &amp#27;[32mThen &amp#27;[0m&amp#27;[32mMenu item with name &amp#27;[0m&amp#27;[32m&amp#27;[1m"Fish Biryani"&amp#27;[0m&amp#27;[32m should be added&amp#27;[0m                                &amp#27;[90m# org.dhiren.java.steps.MenuManagementStepDefinitions.menu_item_with_name_should_be_added(java.lang.String)&amp#27;[0m
  &amp#27;[32mGiven &amp#27;[0m&amp#27;[32mI have a menu items &amp#27;[0m&amp#27;[32m&amp#27;[1m"Fish Biryani"&amp#27;[0m&amp#27;[32m and &amp#27;[0m&amp#27;[32m&amp#27;[1m"chicken Biryani"&amp#27;[0m&amp#27;[32m and price $&amp#27;[0m&amp#27;[32m&amp#27;[1m300&amp#27;[0m&amp#27;[32m and $&amp#27;[0m&amp#27;[32m&amp#27;[1m400&amp#27;[0m &amp#27;[90m# org.dhiren.java.steps.MenuManagementStepDefinitions.iHaveAMenuItemsAndAndPrice$And$(java.lang.String,java.lang.String,int,int)&amp#27;[0m
  &amp#27;[32mWhen &amp#27;[0m&amp#27;[32mI add those items&amp#27;[0m                                                                 &amp#27;[90m# org.dhiren.java.steps.MenuManagementStepDefinitions.iAddThoseItems()&amp#27;[0m
  &amp#27;[31mThen &amp#27;[0m&amp#27;[31mAll Menu items should cost total price &amp#27;[0m&amp#27;[31m&amp#27;[1m700&amp#27;[0m                                        &amp#27;[90m# org.dhiren.java.steps.MenuManagementStepDefinitions.allMenuItemsShouldCostTotalPrice(int)&amp#27;[0m
      &amp#27;[31mjava.lang.AssertionError: expected:<1600> but was:<700>
	at org.junit.Assert.fail(Assert.java:89)
	at org.junit.Assert.failNotEquals(Assert.java:835)
	at org.junit.Assert.assertEquals(Assert.java:647)
	at org.junit.Assert.assertEquals(Assert.java:633)
	at org.dhiren.java.steps.MenuManagementStepDefinitions.allMenuItemsShouldCostTotalPrice(MenuManagementStepDefinitions.java:48)
	at ?.All Menu items should cost total price 700(file:///C:/GitHub/JavaProjectsWithTesting/java-cucumber-demo/src/test/java/org/dhiren/java/features/MenuItemManagement.feature:41)
&amp#27;[0m
]]></system-out>
    <system-err><![CDATA[Apr 27, 2020 2:57:22 AM io.cucumber.core.options.CucumberPropertiesParser parse
WARNING: Passing commandline options via the property `cucumber.options` has been deprecatedin favour of explicitly using property names.
Please use these instead: [cucumber.ansi-colors.disabled, cucumber.execution.dry-run, cucumber.execution.limit, cucumber.execution.order, cucumber.execution.strict, cucumber.execution.wip, cucumber.features, cucumber.filter.name, cucumber.filter.tags, cucumber.glue, cucumber.object-factory, cucumber.plugin, cucumber.snippet-type]
RestaurantMenuItem{name='Fish Biryani', description='test desc', price=200}
RestaurantMenuItem{name='Fish Biryani', description='', price=300}
RestaurantMenuItem{name='chicken Biryani', description='', price=400}
RestaurantMenuItem{name='Fish Biryani', description='', price=300}
RestaurantMenuItem{name='chicken Biryani', description='', price=400}
1600 total cost 
]]></system-err>
  </testcase>
</testsuite>